This is pdfTeX, Version 3.14159265-2.6-1.40.18 (TeX Live 2017/Debian) (preloaded format=pdflatex 2019.2.16)  18 DEC 2019 15:55
entering extended mode
 restricted \write18 enabled.
 %&-line parsing enabled.
**elsarticle-template-1-num.tex
(./elsarticle-template-1-num.tex
LaTeX2e <2017-04-15>
Babel <3.18> and hyphenation patterns for 84 language(s) loaded.
(./elsarticle.cls
Document Class: elsarticle 2019/01/14, 3.1: Elsevier Ltd
\@bls=\dimen102
(/usr/share/texlive/texmf-dist/tex/latex/base/article.cls
Document Class: article 2014/09/29 v1.4h Standard LaTeX document class
(/usr/share/texlive/texmf-dist/tex/latex/base/size12.clo
File: size12.clo 2014/09/29 v1.4h Standard LaTeX file (size option)
)
\c@part=\count79
\c@section=\count80
\c@subsection=\count81
\c@subsubsection=\count82
\c@paragraph=\count83
\c@subparagraph=\count84
\c@figure=\count85
\c@table=\count86
\abovecaptionskip=\skip41
\belowcaptionskip=\skip42
\bibindent=\dimen103
)
(/usr/share/texlive/texmf-dist/tex/latex/graphics/graphicx.sty
Package: graphicx 2017/06/01 v1.1a Enhanced LaTeX Graphics (DPC,SPQR)

(/usr/share/texlive/texmf-dist/tex/latex/graphics/keyval.sty
Package: keyval 2014/10/28 v1.15 key=value parser (DPC)
\KV@toks@=\toks14
)
(/usr/share/texlive/texmf-dist/tex/latex/graphics/graphics.sty
Package: graphics 2017/06/25 v1.2c Standard LaTeX Graphics (DPC,SPQR)

(/usr/share/texlive/texmf-dist/tex/latex/graphics/trig.sty
Package: trig 2016/01/03 v1.10 sin cos tan (DPC)
)
(/usr/share/texlive/texmf-dist/tex/latex/graphics-cfg/graphics.cfg
File: graphics.cfg 2016/06/04 v1.11 sample graphics configuration
)
Package graphics Info: Driver file: pdftex.def on input line 99.

(/usr/share/texlive/texmf-dist/tex/latex/graphics-def/pdftex.def
File: pdftex.def 2018/01/08 v1.0l Graphics/color driver for pdftex
))
\Gin@req@height=\dimen104
\Gin@req@width=\dimen105
)
\c@tnote=\count87
\c@fnote=\count88
\c@cnote=\count89
\c@ead=\count90
\c@author=\count91
\@eadauthor=\toks15
\c@affn=\count92
\absbox=\box26
\keybox=\box27
\Columnwidth=\dimen106
\space@left=\dimen107
\els@boxa=\box28
\els@boxb=\box29
\leftMargin=\dimen108
\@enLab=\toks16
\@sep=\skip43
\@@sep=\skip44

(./elsarticle-template-1-num.spl)
(/usr/share/texlive/texmf-dist/tex/latex/natbib/natbib.sty
Package: natbib 2010/09/13 8.31b (PWD, AO)
\bibhang=\skip45
\bibsep=\skip46
LaTeX Info: Redefining \cite on input line 694.
\c@NAT@ctr=\count93
)
\splwrite=\write3
\openout3 = `elsarticle-template-1-num.spl'.

\appnamewidth=\dimen109
)
(/usr/share/texlive/texmf-dist/tex/latex/amsmath/amsmath.sty
Package: amsmath 2017/09/02 v2.17a AMS math features
\@mathmargin=\skip47

For additional information on amsmath, use the `?' option.
(/usr/share/texlive/texmf-dist/tex/latex/amsmath/amstext.sty
Package: amstext 2000/06/29 v2.01 AMS text

(/usr/share/texlive/texmf-dist/tex/latex/amsmath/amsgen.sty
File: amsgen.sty 1999/11/30 v2.0 generic functions
\@emptytoks=\toks17
\ex@=\dimen110
))
(/usr/share/texlive/texmf-dist/tex/latex/amsmath/amsbsy.sty
Package: amsbsy 1999/11/29 v1.2d Bold Symbols
\pmbraise@=\dimen111
)
(/usr/share/texlive/texmf-dist/tex/latex/amsmath/amsopn.sty
Package: amsopn 2016/03/08 v2.02 operator names
)
\inf@bad=\count94
LaTeX Info: Redefining \frac on input line 213.
\uproot@=\count95
\leftroot@=\count96
LaTeX Info: Redefining \overline on input line 375.
\classnum@=\count97
\DOTSCASE@=\count98
LaTeX Info: Redefining \ldots on input line 472.
LaTeX Info: Redefining \dots on input line 475.
LaTeX Info: Redefining \cdots on input line 596.
\Mathstrutbox@=\box30
\strutbox@=\box31
\big@size=\dimen112
LaTeX Font Info:    Redeclaring font encoding OML on input line 712.
LaTeX Font Info:    Redeclaring font encoding OMS on input line 713.
\macc@depth=\count99
\c@MaxMatrixCols=\count100
\dotsspace@=\muskip10
\c@parentequation=\count101
\dspbrk@lvl=\count102
\tag@help=\toks18
\row@=\count103
\column@=\count104
\maxfields@=\count105
\andhelp@=\toks19
\eqnshift@=\dimen113
\alignsep@=\dimen114
\tagshift@=\dimen115
\tagwidth@=\dimen116
\totwidth@=\dimen117
\lineht@=\dimen118
\@envbody=\toks20
\multlinegap=\skip48
\multlinetaggap=\skip49
\mathdisplay@stack=\toks21
LaTeX Info: Redefining \[ on input line 2817.
LaTeX Info: Redefining \] on input line 2818.
)
(/usr/share/texlive/texmf-dist/tex/latex/amsfonts/amssymb.sty
Package: amssymb 2013/01/14 v3.01 AMS font symbols

(/usr/share/texlive/texmf-dist/tex/latex/amsfonts/amsfonts.sty
Package: amsfonts 2013/01/14 v3.01 Basic AMSFonts support
\symAMSa=\mathgroup4
\symAMSb=\mathgroup5
LaTeX Font Info:    Overwriting math alphabet `\mathfrak' in version `bold'
(Font)                  U/euf/m/n --> U/euf/b/n on input line 106.
))
(/usr/share/texlive/texmf-dist/tex/latex/lineno/lineno.sty
Package: lineno 2005/11/02 line numbers on paragraphs v4.41
\linenopenalty=\count106
\output=\toks22
\linenoprevgraf=\count107
\linenumbersep=\dimen119
\linenumberwidth=\dimen120
\c@linenumber=\count108
\c@pagewiselinenumber=\count109
\c@LN@truepage=\count110
\c@internallinenumber=\count111
\c@internallinenumbers=\count112
\quotelinenumbersep=\dimen121
\bframerule=\dimen122
\bframesep=\dimen123
\bframebox=\box32
LaTeX Info: Redefining \\ on input line 3056.
)
(/usr/share/texlive/texmf-dist/tex/latex/tools/array.sty
Package: array 2016/10/06 v2.4d Tabular extension package (FMi)
\col@sep=\dimen124
\extrarowheight=\dimen125
\NC@list=\toks23
\extratabsurround=\skip50
\backup@length=\skip51
)
(/usr/share/texlive/texmf-dist/tex/latex/subfigure/subfigure.sty
Package: subfigure 2002/03/15 v2.1.5 subfigure package
\subfigtopskip=\skip52
\subfigcapskip=\skip53
\subfigcaptopadj=\dimen126
\subfigbottomskip=\skip54
\subfigcapmargin=\dimen127
\subfiglabelskip=\skip55
\c@subfigure=\count113
\c@lofdepth=\count114
\c@subtable=\count115
\c@lotdepth=\count116

****************************************
* Local config file subfigure.cfg used *
****************************************
(/usr/share/texlive/texmf-dist/tex/latex/subfigure/subfigure.cfg)
\subfig@top=\skip56
\subfig@bottom=\skip57
)
(/usr/share/texlive/texmf-dist/tex/latex/graphics/color.sty
Package: color 2016/07/10 v1.1e Standard LaTeX Color (DPC)

(/usr/share/texlive/texmf-dist/tex/latex/graphics-cfg/color.cfg
File: color.cfg 2016/01/02 v1.6 sample color configuration
)
Package color Info: Driver file: pdftex.def on input line 147.
)
(./elsarticle-template-1-num.aux)
\openout1 = `elsarticle-template-1-num.aux'.

LaTeX Font Info:    Checking defaults for OML/cmm/m/it on input line 74.
LaTeX Font Info:    ... okay on input line 74.
LaTeX Font Info:    Checking defaults for T1/cmr/m/n on input line 74.
LaTeX Font Info:    ... okay on input line 74.
LaTeX Font Info:    Checking defaults for OT1/cmr/m/n on input line 74.
LaTeX Font Info:    ... okay on input line 74.
LaTeX Font Info:    Checking defaults for OMS/cmsy/m/n on input line 74.
LaTeX Font Info:    ... okay on input line 74.
LaTeX Font Info:    Checking defaults for OMX/cmex/m/n on input line 74.
LaTeX Font Info:    ... okay on input line 74.
LaTeX Font Info:    Checking defaults for U/cmr/m/n on input line 74.
LaTeX Font Info:    ... okay on input line 74.

(/usr/share/texlive/texmf-dist/tex/context/base/mkii/supp-pdf.mkii
[Loading MPS to PDF converter (version 2006.09.02).]
\scratchcounter=\count117
\scratchdimen=\dimen128
\scratchbox=\box33
\nofMPsegments=\count118
\nofMParguments=\count119
\everyMPshowfont=\toks24
\MPscratchCnt=\count120
\MPscratchDim=\dimen129
\MPnumerator=\count121
\makeMPintoPDFobject=\count122
\everyMPtoPDFconversion=\toks25
) (/usr/share/texlive/texmf-dist/tex/latex/oberdiek/epstopdf-base.sty
Package: epstopdf-base 2016/05/15 v2.6 Base part for package epstopdf

(/usr/share/texlive/texmf-dist/tex/generic/oberdiek/infwarerr.sty
Package: infwarerr 2016/05/16 v1.4 Providing info/warning/error messages (HO)
)
(/usr/share/texlive/texmf-dist/tex/latex/oberdiek/grfext.sty
Package: grfext 2016/05/16 v1.2 Manage graphics extensions (HO)

(/usr/share/texlive/texmf-dist/tex/generic/oberdiek/kvdefinekeys.sty
Package: kvdefinekeys 2016/05/16 v1.4 Define keys (HO)

(/usr/share/texlive/texmf-dist/tex/generic/oberdiek/ltxcmds.sty
Package: ltxcmds 2016/05/16 v1.23 LaTeX kernel commands for general use (HO)
)))
(/usr/share/texlive/texmf-dist/tex/latex/oberdiek/kvoptions.sty
Package: kvoptions 2016/05/16 v3.12 Key value format for package options (HO)

(/usr/share/texlive/texmf-dist/tex/generic/oberdiek/kvsetkeys.sty
Package: kvsetkeys 2016/05/16 v1.17 Key value parser (HO)

(/usr/share/texlive/texmf-dist/tex/generic/oberdiek/etexcmds.sty
Package: etexcmds 2016/05/16 v1.6 Avoid name clashes with e-TeX commands (HO)

(/usr/share/texlive/texmf-dist/tex/generic/oberdiek/ifluatex.sty
Package: ifluatex 2016/05/16 v1.4 Provides the ifluatex switch (HO)
Package ifluatex Info: LuaTeX not detected.
)
Package etexcmds Info: Could not find \expanded.
(etexcmds)             That can mean that you are not using pdfTeX 1.50 or
(etexcmds)             that some package has redefined \expanded.
(etexcmds)             In the latter case, load this package earlier.
)))
(/usr/share/texlive/texmf-dist/tex/generic/oberdiek/pdftexcmds.sty
Package: pdftexcmds 2018/01/21 v0.26 Utility functions of pdfTeX for LuaTeX (HO
)

(/usr/share/texlive/texmf-dist/tex/generic/oberdiek/ifpdf.sty
Package: ifpdf 2017/03/15 v3.2 Provides the ifpdf switch
)
Package pdftexcmds Info: LuaTeX not detected.
Package pdftexcmds Info: \pdf@primitive is available.
Package pdftexcmds Info: \pdf@ifprimitive is available.
Package pdftexcmds Info: \pdfdraftmode found.
)
Package epstopdf-base Info: Redefining graphics rule for `.eps' on input line 4
38.
Package grfext Info: Graphics extension search list:
(grfext)             [.pdf,.png,.jpg,.mps,.jpeg,.jbig2,.jb2,.PDF,.PNG,.JPG,.JPE
G,.JBIG2,.JB2,.eps]
(grfext)             \AppendGraphicsExtensions on input line 456.

(/usr/share/texlive/texmf-dist/tex/latex/latexconfig/epstopdf-sys.cfg
File: epstopdf-sys.cfg 2010/07/13 v1.3 Configuration of (r)epstopdf for TeX Liv
e
))
LaTeX Font Info:    Try loading font information for U+msa on input line 129.

(/usr/share/texlive/texmf-dist/tex/latex/amsfonts/umsa.fd
File: umsa.fd 2013/01/14 v3.01 AMS symbols A
)
LaTeX Font Info:    Try loading font information for U+msb on input line 129.

(/usr/share/texlive/texmf-dist/tex/latex/amsfonts/umsb.fd
File: umsb.fd 2013/01/14 v3.01 AMS symbols B
)
Overfull \hbox (2.61108pt too wide) has occurred while \output is active
[] 
 []

[1


{/var/lib/texmf/fonts/map/pdftex/updmap/pdftex.map}] [2] [3] [4]
Overfull \hbox (11.38893pt too wide) detected at line 266
[]
 []


Overfull \hbox (12.18925pt too wide) in paragraph at lines 278--282
\OT1/cmr/m/n/12 are op-er-a-tors which can be com-puted of-fline (i.e, $\OML/cm
m/m/it/12 b[]; L[] \OT1/cmr/m/n/12 : \OMS/cmsy/m/n/12 P ! \U/msb/m/n/12 R[]\OT1
/cmr/m/n/12 ; \OML/cmm/m/it/12 b[]; L[]; N[] \OMS/cmsy/m/n/12 2
 []

[5] [6] [7] [8] [9] [10] [11]
<Figure_1.pdf, id=57, 462.52798pt x 346.89601pt>
File: Figure_1.pdf Graphic file (type pdf)
<use Figure_1.pdf>
Package pdftex.def Info: Figure_1.pdf  used on input line 431.
(pdftex.def)             Requested size: 331.50238pt x 248.63748pt.
<Figure_2.pdf, id=58, 462.52798pt x 346.89601pt>
File: Figure_2.pdf Graphic file (type pdf)
<use Figure_2.pdf>
Package pdftex.def Info: Figure_2.pdf  used on input line 440.
(pdftex.def)             Requested size: 187.19833pt x 140.40213pt.
<Figure_3.pdf, id=59, 462.52798pt x 346.89601pt>
File: Figure_3.pdf Graphic file (type pdf)
<use Figure_3.pdf>
Package pdftex.def Info: Figure_3.pdf  used on input line 441.
(pdftex.def)             Requested size: 187.19833pt x 140.40213pt.
 [12] [13 <./Figure_1.pdf>]
<Figure_4.pdf, id=73, 578.16pt x 794.97pt>
File: Figure_4.pdf Graphic file (type pdf)
<use Figure_4.pdf>
Package pdftex.def Info: Figure_4.pdf  used on input line 450.
(pdftex.def)             Requested size: 390.0pt x 536.24196pt.


LaTeX Warning: Float too large for page by 11.6864pt on input line 453.

[14 <./Figure_2.pdf> <./Figure_3.pdf>] [15 <./Figure_4.pdf>]
<Figure_5.pdf, id=98, 462.52798pt x 346.89601pt>
File: Figure_5.pdf Graphic file (type pdf)
<use Figure_5.pdf>
Package pdftex.def Info: Figure_5.pdf  used on input line 459.
(pdftex.def)             Requested size: 390.0pt x 292.51282pt.
<Figure_6.pdf, id=99, 462.52798pt x 346.89601pt>
File: Figure_6.pdf Graphic file (type pdf)
<use Figure_6.pdf>
Package pdftex.def Info: Figure_6.pdf  used on input line 466.
(pdftex.def)             Requested size: 187.19833pt x 140.40213pt.
<Figure_7.pdf, id=100, 462.52798pt x 346.89601pt>
File: Figure_7.pdf Graphic file (type pdf)
<use Figure_7.pdf>
Package pdftex.def Info: Figure_7.pdf  used on input line 467.
(pdftex.def)             Requested size: 187.19833pt x 140.40213pt.
<Figure_8.pdf, id=101, 462.52798pt x 346.89601pt>
File: Figure_8.pdf Graphic file (type pdf)
<use Figure_8.pdf>
Package pdftex.def Info: Figure_8.pdf  used on input line 474.
(pdftex.def)             Requested size: 187.19833pt x 140.40213pt.
<Figure_9.pdf, id=102, 462.52798pt x 346.89601pt>
File: Figure_9.pdf Graphic file (type pdf)
<use Figure_9.pdf>
Package pdftex.def Info: Figure_9.pdf  used on input line 475.
(pdftex.def)             Requested size: 187.19833pt x 140.40213pt.
<Figure_10.pdf, id=103, 722.7pt x 433.62pt>
File: Figure_10.pdf Graphic file (type pdf)
<use Figure_10.pdf>
Package pdftex.def Info: Figure_10.pdf  used on input line 482.
(pdftex.def)             Requested size: 390.0pt x 233.99913pt.
<Figure_11.pdf, id=104, 722.7pt x 433.62pt>
File: Figure_11.pdf Graphic file (type pdf)
<use Figure_11.pdf>
Package pdftex.def Info: Figure_11.pdf  used on input line 489.
(pdftex.def)             Requested size: 390.0pt x 233.99913pt.
 [16 <./Figure_5.pdf>] [17 <./Figure_6.pdf> <./Figure_7.pdf> <./Figure_8.pdf> <
./Figure_9.pdf>]
[18 <./Figure_10.pdf>]
<Figure_12.pdf, id=150, 462.52798pt x 346.89601pt>
File: Figure_12.pdf Graphic file (type pdf)
<use Figure_12.pdf>
Package pdftex.def Info: Figure_12.pdf  used on input line 524.
(pdftex.def)             Requested size: 390.0pt x 292.51282pt.
 [19 <./Figure_11.pdf>] [20 <./Figure_12.pdf>]
<Figure_13.pdf, id=170, 578.16pt x 794.97pt>
File: Figure_13.pdf Graphic file (type pdf)
<use Figure_13.pdf>
Package pdftex.def Info: Figure_13.pdf  used on input line 533.
(pdftex.def)             Requested size: 390.0pt x 536.24196pt.


LaTeX Warning: Float too large for page by 11.6864pt on input line 536.

<Figure_14.pdf, id=171, 462.52798pt x 346.89601pt>
File: Figure_14.pdf Graphic file (type pdf)
<use Figure_14.pdf>
Package pdftex.def Info: Figure_14.pdf  used on input line 540.
(pdftex.def)             Requested size: 187.19833pt x 140.40213pt.
<Figure_15.pdf, id=172, 462.52798pt x 346.89601pt>
File: Figure_15.pdf Graphic file (type pdf)
<use Figure_15.pdf>
Package pdftex.def Info: Figure_15.pdf  used on input line 541.
(pdftex.def)             Requested size: 187.19833pt x 140.40213pt.
<Figure_16.pdf, id=173, 462.52798pt x 346.89601pt>
File: Figure_16.pdf Graphic file (type pdf)
<use Figure_16.pdf>
Package pdftex.def Info: Figure_16.pdf  used on input line 548.
(pdftex.def)             Requested size: 187.19833pt x 140.40213pt.
<Figure_17.pdf, id=174, 462.52798pt x 346.89601pt>
File: Figure_17.pdf Graphic file (type pdf)
<use Figure_17.pdf>
Package pdftex.def Info: Figure_17.pdf  used on input line 549.
(pdftex.def)             Requested size: 187.19833pt x 140.40213pt.
[21] [22 <./Figure_13.pdf>] [23 <./Figure_14.pdf> <./Figure_15.pdf> <./Figure_1
6.pdf> <./Figure_17.pdf>]

LaTeX Warning: No positions in optional float specifier.
               Default added (so using `tbp') on input line 564.

<Figure_18.pdf, id=215, 1265.0763pt x 1265.0763pt>
File: Figure_18.pdf Graphic file (type pdf)
<use Figure_18.pdf>
Package pdftex.def Info: Figure_18.pdf  used on input line 581.
(pdftex.def)             Requested size: 390.0pt x 389.98831pt.
<Figure_19.pdf, id=216, 722.90076pt x 578.32057pt>
File: Figure_19.pdf Graphic file (type pdf)
<use Figure_19.pdf>
Package pdftex.def Info: Figure_19.pdf  used on input line 588.
(pdftex.def)             Requested size: 390.0pt x 312.00607pt.

LaTeX Warning: No positions in optional float specifier.
               Default added (so using `tbp') on input line 595.

<Figure_20.pdf, id=217, 1264.725pt x 1264.725pt>
File: Figure_20.pdf Graphic file (type pdf)
<use Figure_20.pdf>
Package pdftex.def Info: Figure_20.pdf  used on input line 612.
(pdftex.def)             Requested size: 390.0pt x 389.9958pt.
<Figure_21.pdf, id=218, 722.7pt x 578.16pt>
File: Figure_21.pdf Graphic file (type pdf)
<use Figure_21.pdf>
Package pdftex.def Info: Figure_21.pdf  used on input line 619.
(pdftex.def)             Requested size: 390.0pt x 311.99884pt.
<Figure_22.pdf, id=219, 867.24pt x 794.97pt>
File: Figure_22.pdf Graphic file (type pdf)
<use Figure_22.pdf>
Package pdftex.def Info: Figure_22.pdf  used on input line 629.
(pdftex.def)             Requested size: 390.0pt x 357.50272pt.
<Figure_23.pdf, id=220, 462.52798pt x 346.89601pt>
File: Figure_23.pdf Graphic file (type pdf)
<use Figure_23.pdf>
Package pdftex.def Info: Figure_23.pdf  used on input line 636.
(pdftex.def)             Requested size: 187.19833pt x 140.40213pt.
<Figure_24.pdf, id=221, 462.52798pt x 346.89601pt>
File: Figure_24.pdf Graphic file (type pdf)
<use Figure_24.pdf>
Package pdftex.def Info: Figure_24.pdf  used on input line 637.
(pdftex.def)             Requested size: 187.19833pt x 140.40213pt.
[24] [25 <./Figure_18.pdf>] [26 <./Figure_19.pdf>] [27 <./Figure_20.pdf>]
[28 <./Figure_21.pdf>] [29 <./Figure_22.pdf>] [30 <./Figure_23.pdf> <./Figure_2
4.pdf>] [31] (./elsarticle-template-1-num.bbl [32] [33] [34] [35]) [36]
(./elsarticle-template-1-num.aux) ) 
Here is how much of TeX's memory you used:
 3701 strings out of 492982
 50442 string characters out of 6134896
 116558 words of memory out of 5000000
 7173 multiletter control sequences out of 15000+600000
 14431 words of font info for 55 fonts, out of 8000000 for 9000
 1141 hyphenation exceptions out of 8191
 41i,20n,30p,2232b,308s stack positions out of 5000i,500n,10000p,200000b,80000s
</usr/share/texlive/texmf-dist/fonts/type1/p
ublic/amsfonts/cm/cmbx12.pfb></usr/share/texlive/texmf-dist/fonts/type1/public/
amsfonts/cm/cmbx8.pfb></usr/share/texlive/texmf-dist/fonts/type1/public/amsfont
s/cm/cmex10.pfb></usr/share/texlive/texmf-dist/fonts/type1/public/amsfonts/cm/c
mmi12.pfb></usr/share/texlive/texmf-dist/fonts/type1/public/amsfonts/cm/cmmi6.p
fb></usr/share/texlive/texmf-dist/fonts/type1/public/amsfonts/cm/cmmi8.pfb></us
r/share/texlive/texmf-dist/fonts/type1/public/amsfonts/cm/cmmib10.pfb></usr/sha
re/texlive/texmf-dist/fonts/type1/public/amsfonts/cm/cmr10.pfb></usr/share/texl
ive/texmf-dist/fonts/type1/public/amsfonts/cm/cmr12.pfb></usr/share/texlive/tex
mf-dist/fonts/type1/public/amsfonts/cm/cmr17.pfb></usr/share/texlive/texmf-dist
/fonts/type1/public/amsfonts/cm/cmr6.pfb></usr/share/texlive/texmf-dist/fonts/t
ype1/public/amsfonts/cm/cmr8.pfb></usr/share/texlive/texmf-dist/fonts/type1/pub
lic/amsfonts/cm/cmsy10.pfb></usr/share/texlive/texmf-dist/fonts/type1/public/am
sfonts/cm/cmsy7.pfb></usr/share/texlive/texmf-dist/fonts/type1/public/amsfonts/
cm/cmsy8.pfb></usr/share/texlive/texmf-dist/fonts/type1/public/amsfonts/cm/cmti
10.pfb></usr/share/texlive/texmf-dist/fonts/type1/public/amsfonts/cm/cmti12.pfb
></usr/share/texlive/texmf-dist/fonts/type1/public/amsfonts/cm/cmti7.pfb></usr/
share/texlive/texmf-dist/fonts/type1/public/amsfonts/cm/cmtt10.pfb></usr/share/
texlive/texmf-dist/fonts/type1/public/amsfonts/cm/cmtt12.pfb></usr/share/texliv
e/texmf-dist/fonts/type1/public/amsfonts/symbols/msbm10.pfb>
Output written on elsarticle-template-1-num.pdf (36 pages, 1911205 bytes).
PDF statistics:
 373 PDF objects out of 1000 (max. 8388607)
 239 compressed objects within 3 object streams
 0 named destinations out of 1000 (max. 500000)
 121 words of extra memory for PDF output out of 10000 (max. 10000000)

